[2026-05-28 14:46:49] [INFO] [org.hibernate.validator.internal.util.Version] - HV000001: Hibernate Validator 8.0.1.Final
[2026-05-28 14:46:50] [INFO] [ra.demo.KiemTraHackathonSpringApiApplication] - Starting KiemTraHackathonSpringApiApplication using Java 21.0.10 with PID 2904 (C:\Users\pc\Downloads\KiemTraHackathon_SpringAPI\build\classes\java\main started by pc in C:\Users\pc\Downloads\KiemTraHackathon_SpringAPI)
[2026-05-28 14:46:50] [DEBUG] [ra.demo.KiemTraHackathonSpringApiApplication] - Running with Spring Boot v3.4.0, Spring v6.2.0
[2026-05-28 14:46:50] [INFO] [ra.demo.KiemTraHackathonSpringApiApplication] - No active profile set, falling back to 1 default profile: "default"
[2026-05-28 14:46:50] [INFO] [org.springframework.boot.devtools.env.DevToolsPropertyDefaultsPostProcessor] - Devtools property defaults active! Set 'spring.devtools.add-properties' to 'false' to disable
[2026-05-28 14:46:50] [INFO] [org.springframework.boot.devtools.env.DevToolsPropertyDefaultsPostProcessor] - For additional web related logging consider setting the 'logging.level.web' property to 'DEBUG'
[2026-05-28 14:46:52] [INFO] [org.springframework.data.repository.config.RepositoryConfigurationDelegate] - Bootstrapping Spring Data JPA repositories in DEFAULT mode.
[2026-05-28 14:46:52] [INFO] [org.springframework.data.repository.config.RepositoryConfigurationDelegate] - Finished Spring Data repository scanning in 80 ms. Found 1 JPA repository interface.
[2026-05-28 14:46:52] [INFO] [org.springframework.boot.web.embedded.tomcat.TomcatWebServer] - Tomcat initialized with port 8080 (http)
[2026-05-28 14:46:52] [INFO] [org.apache.coyote.http11.Http11NioProtocol] - Initializing ProtocolHandler ["http-nio-8080"]
[2026-05-28 14:46:52] [INFO] [org.apache.catalina.core.StandardService] - Starting service [Tomcat]
[2026-05-28 14:46:52] [INFO] [org.apache.catalina.core.StandardEngine] - Starting Servlet engine: [Apache Tomcat/10.1.33]
[2026-05-28 14:46:53] [INFO] [org.apache.catalina.core.ContainerBase.[Tomcat].[localhost].[/]] - Initializing Spring embedded WebApplicationContext
[2026-05-28 14:46:53] [INFO] [org.springframework.boot.web.servlet.context.ServletWebServerApplicationContext] - Root WebApplicationContext: initialization completed in 2518 ms
[2026-05-28 14:46:53] [INFO] [org.hibernate.jpa.internal.util.LogHelper] - HHH000204: Processing PersistenceUnitInfo [name: default]
[2026-05-28 14:46:53] [INFO] [org.hibernate.Version] - HHH000412: Hibernate ORM core version 6.6.2.Final
[2026-05-28 14:46:53] [INFO] [org.hibernate.cache.internal.RegionFactoryInitiator] - HHH000026: Second-level cache disabled
[2026-05-28 14:46:53] [INFO] [org.springframework.orm.jpa.persistenceunit.SpringPersistenceUnitInfo] - No LoadTimeWeaver setup: ignoring JPA class transformer
[2026-05-28 14:46:53] [INFO] [com.zaxxer.hikari.HikariDataSource] - HikariPool-1 - Starting...
[2026-05-28 14:46:56] [WARN] [org.hibernate.engine.jdbc.spi.SqlExceptionHelper] - SQL Error: 1045, SQLState: 28000
[2026-05-28 14:46:56] [ERROR] [org.hibernate.engine.jdbc.spi.SqlExceptionHelper] - Access denied for user 'root'@'localhost' (using password: YES)
[2026-05-28 14:46:56] [WARN] [org.hibernate.engine.jdbc.env.internal.JdbcEnvironmentInitiator] - HHH000342: Could not obtain connection to query metadata
org.hibernate.exception.GenericJDBCException: unable to obtain isolated JDBC connection [Access denied for user 'root'@'localhost' (using password: YES)] [n/a]
	at org.hibernate.exception.internal.StandardSQLExceptionConverter.convert(StandardSQLExceptionConverter.java:63)
	at org.hibernate.engine.jdbc.spi.SqlExceptionHelper.convert(SqlExceptionHelper.java:108)
	at org.hibernate.engine.jdbc.spi.SqlExceptionHelper.convert(SqlExceptionHelper.java:94)
	at org.hibernate.resource.transaction.backend.jdbc.internal.JdbcIsolationDelegate.delegateWork(JdbcIsolationDelegate.java:116)
	at org.hibernate.engine.jdbc.env.internal.JdbcEnvironmentInitiator.getJdbcEnvironmentUsingJdbcMetadata(JdbcEnvironmentInitiator.java:320)
	at org.hibernate.engine.jdbc.env.internal.JdbcEnvironmentInitiator.initiateService(JdbcEnvironmentInitiator.java:129)
	at org.hibernate.engine.jdbc.env.internal.JdbcEnvironmentInitiator.initiateService(JdbcEnvironmentInitiator.java:81)
	at org.hibernate.boot.registry.internal.StandardServiceRegistryImpl.initiateService(StandardServiceRegistryImpl.java:130)
	at org.hibernate.service.internal.AbstractServiceRegistryImpl.createService(AbstractServiceRegistryImpl.java:263)
	at org.hibernate.service.internal.AbstractServiceRegistryImpl.initializeService(AbstractServiceRegistryImpl.java:238)
	at org.hibernate.service.internal.AbstractServiceRegistryImpl.getService(AbstractServiceRegistryImpl.java:215)
	at org.hibernate.boot.model.relational.Database.<init>(Database.java:45)
	at org.hibernate.boot.internal.InFlightMetadataCollectorImpl.getDatabase(InFlightMetadataCollectorImpl.java:226)
	at org.hibernate.boot.internal.InFlightMetadataCollectorImpl.<init>(InFlightMetadataCollectorImpl.java:194)
	at org.hibernate.boot.model.process.spi.MetadataBuildingProcess.complete(MetadataBuildingProcess.java:171)
	at org.hibernate.jpa.boot.internal.EntityManagerFactoryBuilderImpl.metadata(EntityManagerFactoryBuilderImpl.java:1431)
	at org.hibernate.jpa.boot.internal.EntityManagerFactoryBuilderImpl.build(EntityManagerFactoryBuilderImpl.java:1502)
	at org.springframework.orm.jpa.vendor.SpringHibernateJpaPersistenceProvider.createContainerEntityManagerFactory(SpringHibernateJpaPersistenceProvider.java:66)
	at org.springframework.orm.jpa.LocalContainerEntityManagerFactoryBean.createNativeEntityManagerFactory(LocalContainerEntityManagerFactoryBean.java:390)
	at org.springframework.orm.jpa.AbstractEntityManagerFactoryBean.buildNativeEntityManagerFactory(AbstractEntityManagerFactoryBean.java:419)
	at org.springframework.orm.jpa.AbstractEntityManagerFactoryBean.afterPropertiesSet(AbstractEntityManagerFactoryBean.java:400)
	at org.springframework.orm.jpa.LocalContainerEntityManagerFactoryBean.afterPropertiesSet(LocalContainerEntityManagerFactoryBean.java:366)
	at org.springframework.beans.factory.support.AbstractAutowireCapableBeanFactory.invokeInitMethods(AbstractAutowireCapableBeanFactory.java:1849)
	at org.springframework.beans.factory.support.AbstractAutowireCapableBeanFactory.initializeBean(AbstractAutowireCapableBeanFactory.java:1798)
	at org.springframework.beans.factory.support.AbstractAutowireCapableBeanFactory.doCreateBean(AbstractAutowireCapableBeanFactory.java:601)
	at org.springframework.beans.factory.support.AbstractAutowireCapableBeanFactory.createBean(AbstractAutowireCapableBeanFactory.java:523)
	at org.springframework.beans.factory.support.AbstractBeanFactory.lambda$doGetBean$0(AbstractBeanFactory.java:336)
	at org.springframework.beans.factory.support.DefaultSingletonBeanRegistry.getSingleton(DefaultSingletonBeanRegistry.java:288)
	at org.springframework.beans.factory.support.AbstractBeanFactory.doGetBean(AbstractBeanFactory.java:334)
	at org.springframework.beans.factory.support.AbstractBeanFactory.getBean(AbstractBeanFactory.java:204)
	at org.springframework.context.support.AbstractApplicationContext.finishBeanFactoryInitialization(AbstractApplicationContext.java:970)
	at org.springframework.context.support.AbstractApplicationContext.refresh(AbstractApplicationContext.java:627)
	at org.springframework.boot.web.servlet.context.ServletWebServerApplicationContext.refresh(ServletWebServerApplicationContext.java:146)
	at org.springframework.boot.SpringApplication.refresh(SpringApplication.java:752)
	at org.springframework.boot.SpringApplication.refreshContext(SpringApplication.java:439)
	at org.springframework.boot.SpringApplication.run(SpringApplication.java:318)
	at org.springframework.boot.SpringApplication.run(SpringApplication.java:1361)
	at org.springframework.boot.SpringApplication.run(SpringApplication.java:1350)
	at ra.demo.KiemTraHackathonSpringApiApplication.main(KiemTraHackathonSpringApiApplication.java:10)
	at java.base/jdk.internal.reflect.DirectMethodHandleAccessor.invoke(DirectMethodHandleAccessor.java:103)
	at java.base/java.lang.reflect.Method.invoke(Method.java:580)
	at org.springframework.boot.devtools.restart.RestartLauncher.run(RestartLauncher.java:50)
Caused by: java.sql.SQLException: Access denied for user 'root'@'localhost' (using password: YES)
	at com.mysql.cj.jdbc.exceptions.SQLError.createSQLException(SQLError.java:121)
	at com.mysql.cj.jdbc.exceptions.SQLExceptionsMapping.translateException(SQLExceptionsMapping.java:114)
	at com.mysql.cj.jdbc.ConnectionImpl.createNewIO(ConnectionImpl.java:837)
	at com.mysql.cj.jdbc.ConnectionImpl.<init>(ConnectionImpl.java:420)
	at com.mysql.cj.jdbc.ConnectionImpl.getInstance(ConnectionImpl.java:238)
	at com.mysql.cj.jdbc.NonRegisteringDriver.connect(NonRegisteringDriver.java:180)
	at com.zaxxer.hikari.util.DriverDataSource.getConnection(DriverDataSource.java:137)
	at com.zaxxer.hikari.pool.PoolBase.newConnection(PoolBase.java:360)
	at com.zaxxer.hikari.pool.PoolBase.newPoolEntry(PoolBase.java:202)
	at com.zaxxer.hikari.pool.HikariPool.createPoolEntry(HikariPool.java:461)
	at com.zaxxer.hikari.pool.HikariPool.checkFailFast(HikariPool.java:550)
	at com.zaxxer.hikari.pool.HikariPool.<init>(HikariPool.java:98)
	at com.zaxxer.hikari.HikariDataSource.getConnection(HikariDataSource.java:111)
	at org.hibernate.engine.jdbc.connections.internal.DatasourceConnectionProviderImpl.getConnection(DatasourceConnectionProviderImpl.java:126)
	at org.hibernate.engine.jdbc.env.internal.JdbcEnvironmentInitiator$ConnectionProviderJdbcConnectionAccess.obtainConnection(JdbcEnvironmentInitiator.java:467)
	at org.hibernate.resource.transaction.backend.jdbc.internal.JdbcIsolationDelegate.delegateWork(JdbcIsolationDelegate.java:61)
	... 38 common frames omitted
[2026-05-28 14:46:56] [WARN] [org.hibernate.orm.deprecation] - HHH90000025: MySQLDialect does not need to be specified explicitly using 'hibernate.dialect' (remove the property setting and it will be selected by default)
[2026-05-28 14:46:56] [INFO] [org.hibernate.orm.connections.pooling] - HHH10001005: Database info:
	Database JDBC URL [Connecting through datasource 'HikariDataSource (null)']
	Database driver: undefined/unknown
	Database version: 8.0
	Autocommit mode: undefined/unknown
	Isolation level: undefined/unknown
	Minimum pool size: undefined/unknown
	Maximum pool size: undefined/unknown
[2026-05-28 14:46:57] [INFO] [org.hibernate.engine.transaction.jta.platform.internal.JtaPlatformInitiator] - HHH000489: No JTA platform available (set 'hibernate.transaction.jta.platform' to enable JTA platform integration)
[2026-05-28 14:46:57] [INFO] [com.zaxxer.hikari.HikariDataSource] - HikariPool-1 - Starting...
[2026-05-28 14:46:58] [WARN] [org.hibernate.engine.jdbc.spi.SqlExceptionHelper] - SQL Error: 1045, SQLState: 28000
[2026-05-28 14:46:58] [ERROR] [org.hibernate.engine.jdbc.spi.SqlExceptionHelper] - Access denied for user 'root'@'localhost' (using password: YES)
[2026-05-28 14:46:58] [ERROR] [org.springframework.orm.jpa.LocalContainerEntityManagerFactoryBean] - Failed to initialize JPA EntityManagerFactory: [PersistenceUnit: default] Unable to build Hibernate SessionFactory; nested exception is org.hibernate.exception.GenericJDBCException: Unable to open JDBC Connection for DDL execution [Access denied for user 'root'@'localhost' (using password: YES)] [n/a]
[2026-05-28 14:46:58] [WARN] [org.springframework.boot.web.servlet.context.AnnotationConfigServletWebServerApplicationContext] - Exception encountered during context initialization - cancelling refresh attempt: org.springframework.beans.factory.BeanCreationException: Error creating bean with name 'entityManagerFactory' defined in class path resource [org/springframework/boot/autoconfigure/orm/jpa/HibernateJpaConfiguration.class]: [PersistenceUnit: default] Unable to build Hibernate SessionFactory; nested exception is org.hibernate.exception.GenericJDBCException: Unable to open JDBC Connection for DDL execution [Access denied for user 'root'@'localhost' (using password: YES)] [n/a]
[2026-05-28 14:46:58] [INFO] [org.apache.catalina.core.StandardService] - Stopping service [Tomcat]
[2026-05-28 14:46:58] [INFO] [org.springframework.boot.autoconfigure.logging.ConditionEvaluationReportLogger] - 

Error starting ApplicationContext. To display the condition evaluation report re-run your application with 'debug' enabled.
[2026-05-28 14:46:58] [ERROR] [org.springframework.boot.SpringApplication] - Application run failed
org.springframework.beans.factory.BeanCreationException: Error creating bean with name 'entityManagerFactory' defined in class path resource [org/springframework/boot/autoconfigure/orm/jpa/HibernateJpaConfiguration.class]: [PersistenceUnit: default] Unable to build Hibernate SessionFactory; nested exception is org.hibernate.exception.GenericJDBCException: Unable to open JDBC Connection for DDL execution [Access denied for user 'root'@'localhost' (using password: YES)] [n/a]
	at org.springframework.beans.factory.support.AbstractAutowireCapableBeanFactory.initializeBean(AbstractAutowireCapableBeanFactory.java:1802)
	at org.springframework.beans.factory.support.AbstractAutowireCapableBeanFactory.doCreateBean(AbstractAutowireCapableBeanFactory.java:601)
	at org.springframework.beans.factory.support.AbstractAutowireCapableBeanFactory.createBean(AbstractAutowireCapableBeanFactory.java:523)
	at org.springframework.beans.factory.support.AbstractBeanFactory.lambda$doGetBean$0(AbstractBeanFactory.java:336)
	at org.springframework.beans.factory.support.DefaultSingletonBeanRegistry.getSingleton(DefaultSingletonBeanRegistry.java:288)
	at org.springframework.beans.factory.support.AbstractBeanFactory.doGetBean(AbstractBeanFactory.java:334)
	at org.springframework.beans.factory.support.AbstractBeanFactory.getBean(AbstractBeanFactory.java:204)
	at org.springframework.context.support.AbstractApplicationContext.finishBeanFactoryInitialization(AbstractApplicationContext.java:970)
	at org.springframework.context.support.AbstractApplicationContext.refresh(AbstractApplicationContext.java:627)
	at org.springframework.boot.web.servlet.context.ServletWebServerApplicationContext.refresh(ServletWebServerApplicationContext.java:146)
	at org.springframework.boot.SpringApplication.refresh(SpringApplication.java:752)
	at org.springframework.boot.SpringApplication.refreshContext(SpringApplication.java:439)
	at org.springframework.boot.SpringApplication.run(SpringApplication.java:318)
	at org.springframework.boot.SpringApplication.run(SpringApplication.java:1361)
	at org.springframework.boot.SpringApplication.run(SpringApplication.java:1350)
	at ra.demo.KiemTraHackathonSpringApiApplication.main(KiemTraHackathonSpringApiApplication.java:10)
	at java.base/jdk.internal.reflect.DirectMethodHandleAccessor.invoke(DirectMethodHandleAccessor.java:103)
	at java.base/java.lang.reflect.Method.invoke(Method.java:580)
	at org.springframework.boot.devtools.restart.RestartLauncher.run(RestartLauncher.java:50)
Caused by: jakarta.persistence.PersistenceException: [PersistenceUnit: default] Unable to build Hibernate SessionFactory; nested exception is org.hibernate.exception.GenericJDBCException: Unable to open JDBC Connection for DDL execution [Access denied for user 'root'@'localhost' (using password: YES)] [n/a]
	at org.springframework.orm.jpa.AbstractEntityManagerFactoryBean.buildNativeEntityManagerFactory(AbstractEntityManagerFactoryBean.java:431)
	at org.springframework.orm.jpa.AbstractEntityManagerFactoryBean.afterPropertiesSet(AbstractEntityManagerFactoryBean.java:400)
	at org.springframework.orm.jpa.LocalContainerEntityManagerFactoryBean.afterPropertiesSet(LocalContainerEntityManagerFactoryBean.java:366)
	at org.springframework.beans.factory.support.AbstractAutowireCapableBeanFactory.invokeInitMethods(AbstractAutowireCapableBeanFactory.java:1849)
	at org.springframework.beans.factory.support.AbstractAutowireCapableBeanFactory.initializeBean(AbstractAutowireCapableBeanFactory.java:1798)
	... 18 common frames omitted
Caused by: org.hibernate.exception.GenericJDBCException: Unable to open JDBC Connection for DDL execution [Access denied for user 'root'@'localhost' (using password: YES)] [n/a]
	at org.hibernate.exception.internal.StandardSQLExceptionConverter.convert(StandardSQLExceptionConverter.java:63)
	at org.hibernate.engine.jdbc.spi.SqlExceptionHelper.convert(SqlExceptionHelper.java:108)
	at org.hibernate.engine.jdbc.spi.SqlExceptionHelper.convert(SqlExceptionHelper.java:94)
	at org.hibernate.resource.transaction.backend.jdbc.internal.DdlTransactionIsolatorNonJtaImpl.getIsolatedConnection(DdlTransactionIsolatorNonJtaImpl.java:74)
	at org.hibernate.resource.transaction.backend.jdbc.internal.DdlTransactionIsolatorNonJtaImpl.getIsolatedConnection(DdlTransactionIsolatorNonJtaImpl.java:39)
	at org.hibernate.tool.schema.internal.exec.ImprovedExtractionContextImpl.getJdbcConnection(ImprovedExtractionContextImpl.java:63)
	at org.hibernate.tool.schema.internal.exec.ImprovedExtractionContextImpl.getJdbcDatabaseMetaData(ImprovedExtractionContextImpl.java:70)
	at org.hibernate.tool.schema.extract.internal.InformationExtractorJdbcDatabaseMetaDataImpl.processTableResultSet(InformationExtractorJdbcDatabaseMetaDataImpl.java:65)
	at org.hibernate.tool.schema.extract.internal.AbstractInformationExtractorImpl.getTables(AbstractInformationExtractorImpl.java:570)
	at org.hibernate.tool.schema.extract.internal.DatabaseInformationImpl.getTablesInformation(DatabaseInformationImpl.java:122)
	at org.hibernate.tool.schema.internal.GroupedSchemaMigratorImpl.performTablesMigration(GroupedSchemaMigratorImpl.java:72)
	at org.hibernate.tool.schema.internal.AbstractSchemaMigrator.performMigration(AbstractSchemaMigrator.java:233)
	at org.hibernate.tool.schema.internal.AbstractSchemaMigrator.doMigration(AbstractSchemaMigrator.java:112)
	at org.hibernate.tool.schema.spi.SchemaManagementToolCoordinator.performDatabaseAction(SchemaManagementToolCoordinator.java:280)
	at org.hibernate.tool.schema.spi.SchemaManagementToolCoordinator.lambda$process$5(SchemaManagementToolCoordinator.java:144)
	at java.base/java.util.HashMap.forEach(HashMap.java:1429)
	at org.hibernate.tool.schema.spi.SchemaManagementToolCoordinator.process(SchemaManagementToolCoordinator.java:141)
	at org.hibernate.boot.internal.SessionFactoryObserverForSchemaExport.sessionFactoryCreated(SessionFactoryObserverForSchemaExport.java:37)
	at org.hibernate.internal.SessionFactoryObserverChain.sessionFactoryCreated(SessionFactoryObserverChain.java:35)
	at org.hibernate.internal.SessionFactoryImpl.<init>(SessionFactoryImpl.java:324)
	at org.hibernate.boot.internal.SessionFactoryBuilderImpl.build(SessionFactoryBuilderImpl.java:463)
	at org.hibernate.jpa.boot.internal.EntityManagerFactoryBuilderImpl.build(EntityManagerFactoryBuilderImpl.java:1506)
	at org.springframework.orm.jpa.vendor.SpringHibernateJpaPersistenceProvider.createContainerEntityManagerFactory(SpringHibernateJpaPersistenceProvider.java:66)
	at org.springframework.orm.jpa.LocalContainerEntityManagerFactoryBean.createNativeEntityManagerFactory(LocalContainerEntityManagerFactoryBean.java:390)
	at org.springframework.orm.jpa.AbstractEntityManagerFactoryBean.buildNativeEntityManagerFactory(AbstractEntityManagerFactoryBean.java:419)
	... 22 common frames omitted
Caused by: java.sql.SQLException: Access denied for user 'root'@'localhost' (using password: YES)
	at com.mysql.cj.jdbc.exceptions.SQLError.createSQLException(SQLError.java:121)
	at com.mysql.cj.jdbc.exceptions.SQLExceptionsMapping.translateException(SQLExceptionsMapping.java:114)
	at com.mysql.cj.jdbc.ConnectionImpl.createNewIO(ConnectionImpl.java:837)
	at com.mysql.cj.jdbc.ConnectionImpl.<init>(ConnectionImpl.java:420)
	at com.mysql.cj.jdbc.ConnectionImpl.getInstance(ConnectionImpl.java:238)
	at com.mysql.cj.jdbc.NonRegisteringDriver.connect(NonRegisteringDriver.java:180)
	at com.zaxxer.hikari.util.DriverDataSource.getConnection(DriverDataSource.java:137)
	at com.zaxxer.hikari.pool.PoolBase.newConnection(PoolBase.java:360)
	at com.zaxxer.hikari.pool.PoolBase.newPoolEntry(PoolBase.java:202)
	at com.zaxxer.hikari.pool.HikariPool.createPoolEntry(HikariPool.java:461)
	at com.zaxxer.hikari.pool.HikariPool.checkFailFast(HikariPool.java:550)
	at com.zaxxer.hikari.pool.HikariPool.<init>(HikariPool.java:98)
	at com.zaxxer.hikari.HikariDataSource.getConnection(HikariDataSource.java:111)
	at org.hibernate.engine.jdbc.connections.internal.DatasourceConnectionProviderImpl.getConnection(DatasourceConnectionProviderImpl.java:126)
	at org.hibernate.engine.jdbc.env.internal.JdbcEnvironmentInitiator$ConnectionProviderJdbcConnectionAccess.obtainConnection(JdbcEnvironmentInitiator.java:467)
	at org.hibernate.resource.transaction.backend.jdbc.internal.DdlTransactionIsolatorNonJtaImpl.getIsolatedConnection(DdlTransactionIsolatorNonJtaImpl.java:46)
	... 43 common frames omitted
[2026-05-28 14:50:10] [INFO] [org.hibernate.validator.internal.util.Version] - HV000001: Hibernate Validator 8.0.1.Final
[2026-05-28 14:50:10] [INFO] [ra.demo.KiemTraHackathonSpringApiApplicationTests] - Starting KiemTraHackathonSpringApiApplicationTests using Java 21.0.2 with PID 21064 (started by pc in C:\Users\pc\Downloads\KiemTraHackathon_SpringAPI)
[2026-05-28 14:50:10] [DEBUG] [ra.demo.KiemTraHackathonSpringApiApplicationTests] - Running with Spring Boot v3.4.0, Spring v6.2.0
[2026-05-28 14:50:10] [INFO] [ra.demo.KiemTraHackathonSpringApiApplicationTests] - No active profile set, falling back to 1 default profile: "default"
[2026-05-28 14:50:13] [INFO] [org.springframework.data.repository.config.RepositoryConfigurationDelegate] - Bootstrapping Spring Data JPA repositories in DEFAULT mode.
[2026-05-28 14:50:13] [INFO] [org.springframework.data.repository.config.RepositoryConfigurationDelegate] - Finished Spring Data repository scanning in 190 ms. Found 1 JPA repository interface.
[2026-05-28 14:50:15] [INFO] [org.hibernate.jpa.internal.util.LogHelper] - HHH000204: Processing PersistenceUnitInfo [name: default]
[2026-05-28 14:50:15] [INFO] [org.hibernate.Version] - HHH000412: Hibernate ORM core version 6.6.2.Final
[2026-05-28 14:50:16] [INFO] [org.hibernate.cache.internal.RegionFactoryInitiator] - HHH000026: Second-level cache disabled
[2026-05-28 14:50:22] [INFO] [org.springframework.orm.jpa.persistenceunit.SpringPersistenceUnitInfo] - No LoadTimeWeaver setup: ignoring JPA class transformer
[2026-05-28 14:50:23] [INFO] [com.zaxxer.hikari.HikariDataSource] - HikariPool-1 - Starting...
[2026-05-28 14:50:26] [INFO] [com.zaxxer.hikari.pool.HikariPool] - HikariPool-1 - Added connection com.mysql.cj.jdbc.ConnectionImpl@3840b4e6
[2026-05-28 14:50:26] [INFO] [com.zaxxer.hikari.HikariDataSource] - HikariPool-1 - Start completed.
[2026-05-28 14:50:27] [WARN] [org.hibernate.orm.deprecation] - HHH90000025: MySQLDialect does not need to be specified explicitly using 'hibernate.dialect' (remove the property setting and it will be selected by default)
[2026-05-28 14:50:27] [INFO] [org.hibernate.orm.connections.pooling] - HHH10001005: Database info:
	Database JDBC URL [Connecting through datasource 'HikariDataSource (HikariPool-1)']
	Database driver: undefined/unknown
	Database version: 8.0.45
	Autocommit mode: undefined/unknown
	Isolation level: undefined/unknown
	Minimum pool size: undefined/unknown
	Maximum pool size: undefined/unknown
[2026-05-28 14:50:30] [INFO] [org.hibernate.engine.transaction.jta.platform.internal.JtaPlatformInitiator] - HHH000489: No JTA platform available (set 'hibernate.transaction.jta.platform' to enable JTA platform integration)
[2026-05-28 14:50:30] [INFO] [org.springframework.orm.jpa.LocalContainerEntityManagerFactoryBean] - Initialized JPA EntityManagerFactory for persistence unit 'default'
[2026-05-28 14:50:32] [WARN] [org.springframework.boot.autoconfigure.orm.jpa.JpaBaseConfiguration$JpaWebConfiguration] - spring.jpa.open-in-view is enabled by default. Therefore, database queries may be performed during view rendering. Explicitly configure spring.jpa.open-in-view to disable this warning
[2026-05-28 14:50:33] [INFO] [ra.demo.KiemTraHackathonSpringApiApplicationTests] - Started KiemTraHackathonSpringApiApplicationTests in 24.622 seconds (process running for 29.846)
[2026-05-28 14:50:35] [INFO] [org.springframework.test.context.support.AnnotationConfigContextLoaderUtils] - Could not detect default configuration classes for test class [ra.demo.controller.BookControllerTest]: BookControllerTest does not declare any static, non-private, non-final, nested classes annotated with @Configuration.
[2026-05-28 14:50:35] [INFO] [org.springframework.boot.test.context.SpringBootTestContextBootstrapper] - Found @SpringBootConfiguration ra.demo.KiemTraHackathonSpringApiApplication for test class ra.demo.controller.BookControllerTest
[2026-05-28 14:50:35] [INFO] [ra.demo.controller.BookControllerTest] - Starting BookControllerTest using Java 21.0.2 with PID 21064 (started by pc in C:\Users\pc\Downloads\KiemTraHackathon_SpringAPI)
[2026-05-28 14:50:35] [DEBUG] [ra.demo.controller.BookControllerTest] - Running with Spring Boot v3.4.0, Spring v6.2.0
[2026-05-28 14:50:35] [INFO] [ra.demo.controller.BookControllerTest] - No active profile set, falling back to 1 default profile: "default"
[2026-05-28 14:50:36] [INFO] [org.springframework.boot.test.mock.web.SpringBootMockServletContext] - Initializing Spring TestDispatcherServlet ''
[2026-05-28 14:50:36] [INFO] [org.springframework.test.web.servlet.TestDispatcherServlet] - Initializing Servlet ''
[2026-05-28 14:50:36] [INFO] [org.springframework.test.web.servlet.TestDispatcherServlet] - Completed initialization in 3 ms
[2026-05-28 14:50:37] [INFO] [ra.demo.controller.BookControllerTest] - Started BookControllerTest in 1.885 seconds (process running for 33.21)
[2026-05-28 14:50:39] [DEBUG] [ra.demo.service.impl.BookServiceImpl] - getBookById request, id=99
[2026-05-28 14:50:39] [ERROR] [ra.demo.service.impl.BookServiceImpl] - getBookById error, id=99 not found
[2026-05-28 14:50:39] [DEBUG] [ra.demo.service.impl.BookServiceImpl] - getBooks request
[2026-05-28 14:50:39] [INFO] [ra.demo.service.impl.BookServiceImpl] - getBooks success, count=2
[2026-05-28 14:50:39] [DEBUG] [ra.demo.service.impl.BookServiceImpl] - getBookById request, id=1
[2026-05-28 14:50:39] [INFO] [org.springframework.orm.jpa.LocalContainerEntityManagerFactoryBean] - Closing JPA EntityManagerFactory for persistence unit 'default'
[2026-05-28 14:50:39] [INFO] [com.zaxxer.hikari.HikariDataSource] - HikariPool-1 - Shutdown initiated...
[2026-05-28 14:50:39] [INFO] [com.zaxxer.hikari.HikariDataSource] - HikariPool-1 - Shutdown completed.
[2026-05-28 14:51:14] [INFO] [org.hibernate.validator.internal.util.Version] - HV000001: Hibernate Validator 8.0.1.Final
[2026-05-28 14:51:15] [INFO] [ra.demo.KiemTraHackathonSpringApiApplication] - Starting KiemTraHackathonSpringApiApplication using Java 21.0.10 with PID 19784 (C:\Users\pc\Downloads\KiemTraHackathon_SpringAPI\build\classes\java\main started by pc in C:\Users\pc\Downloads\KiemTraHackathon_SpringAPI)
[2026-05-28 14:51:15] [DEBUG] [ra.demo.KiemTraHackathonSpringApiApplication] - Running with Spring Boot v3.4.0, Spring v6.2.0
[2026-05-28 14:51:15] [INFO] [ra.demo.KiemTraHackathonSpringApiApplication] - No active profile set, falling back to 1 default profile: "default"
[2026-05-28 14:51:15] [INFO] [org.springframework.boot.devtools.env.DevToolsPropertyDefaultsPostProcessor] - Devtools property defaults active! Set 'spring.devtools.add-properties' to 'false' to disable
[2026-05-28 14:51:15] [INFO] [org.springframework.boot.devtools.env.DevToolsPropertyDefaultsPostProcessor] - For additional web related logging consider setting the 'logging.level.web' property to 'DEBUG'
[2026-05-28 14:51:16] [INFO] [org.springframework.data.repository.config.RepositoryConfigurationDelegate] - Bootstrapping Spring Data JPA repositories in DEFAULT mode.
[2026-05-28 14:51:16] [INFO] [org.springframework.data.repository.config.RepositoryConfigurationDelegate] - Finished Spring Data repository scanning in 68 ms. Found 1 JPA repository interface.
[2026-05-28 14:51:17] [INFO] [org.springframework.boot.web.embedded.tomcat.TomcatWebServer] - Tomcat initialized with port 8080 (http)
[2026-05-28 14:51:17] [INFO] [org.apache.coyote.http11.Http11NioProtocol] - Initializing ProtocolHandler ["http-nio-8080"]
[2026-05-28 14:51:17] [INFO] [org.apache.catalina.core.StandardService] - Starting service [Tomcat]
[2026-05-28 14:51:17] [INFO] [org.apache.catalina.core.StandardEngine] - Starting Servlet engine: [Apache Tomcat/10.1.33]
[2026-05-28 14:51:17] [INFO] [org.apache.catalina.core.ContainerBase.[Tomcat].[localhost].[/]] - Initializing Spring embedded WebApplicationContext
[2026-05-28 14:51:17] [INFO] [org.springframework.boot.web.servlet.context.ServletWebServerApplicationContext] - Root WebApplicationContext: initialization completed in 2160 ms
[2026-05-28 14:51:17] [INFO] [org.hibernate.jpa.internal.util.LogHelper] - HHH000204: Processing PersistenceUnitInfo [name: default]
[2026-05-28 14:51:17] [INFO] [org.hibernate.Version] - HHH000412: Hibernate ORM core version 6.6.2.Final
[2026-05-28 14:51:17] [INFO] [org.hibernate.cache.internal.RegionFactoryInitiator] - HHH000026: Second-level cache disabled
[2026-05-28 14:51:18] [INFO] [org.springframework.orm.jpa.persistenceunit.SpringPersistenceUnitInfo] - No LoadTimeWeaver setup: ignoring JPA class transformer
[2026-05-28 14:51:18] [INFO] [com.zaxxer.hikari.HikariDataSource] - HikariPool-1 - Starting...
[2026-05-28 14:51:18] [INFO] [com.zaxxer.hikari.pool.HikariPool] - HikariPool-1 - Added connection com.mysql.cj.jdbc.ConnectionImpl@402e7f89
[2026-05-28 14:51:18] [INFO] [com.zaxxer.hikari.HikariDataSource] - HikariPool-1 - Start completed.
[2026-05-28 14:51:18] [WARN] [org.hibernate.orm.deprecation] - HHH90000025: MySQLDialect does not need to be specified explicitly using 'hibernate.dialect' (remove the property setting and it will be selected by default)
[2026-05-28 14:51:18] [INFO] [org.hibernate.orm.connections.pooling] - HHH10001005: Database info:
	Database JDBC URL [Connecting through datasource 'HikariDataSource (HikariPool-1)']
	Database driver: undefined/unknown
	Database version: 8.0.45
	Autocommit mode: undefined/unknown
	Isolation level: undefined/unknown
	Minimum pool size: undefined/unknown
	Maximum pool size: undefined/unknown
[2026-05-28 14:51:19] [INFO] [org.hibernate.engine.transaction.jta.platform.internal.JtaPlatformInitiator] - HHH000489: No JTA platform available (set 'hibernate.transaction.jta.platform' to enable JTA platform integration)
[2026-05-28 14:51:19] [INFO] [org.springframework.orm.jpa.LocalContainerEntityManagerFactoryBean] - Initialized JPA EntityManagerFactory for persistence unit 'default'
[2026-05-28 14:51:20] [WARN] [org.springframework.boot.autoconfigure.orm.jpa.JpaBaseConfiguration$JpaWebConfiguration] - spring.jpa.open-in-view is enabled by default. Therefore, database queries may be performed during view rendering. Explicitly configure spring.jpa.open-in-view to disable this warning
[2026-05-28 14:51:20] [INFO] [org.springframework.boot.devtools.autoconfigure.OptionalLiveReloadServer] - LiveReload server is running on port 35729
[2026-05-28 14:51:20] [INFO] [org.apache.coyote.http11.Http11NioProtocol] - Starting ProtocolHandler ["http-nio-8080"]
[2026-05-28 14:51:20] [INFO] [org.springframework.boot.web.embedded.tomcat.TomcatWebServer] - Tomcat started on port 8080 (http) with context path '/'
[2026-05-28 14:51:21] [INFO] [ra.demo.KiemTraHackathonSpringApiApplication] - Started KiemTraHackathonSpringApiApplication in 7.155 seconds (process running for 9.1)
[2026-05-28 14:51:30] [INFO] [org.springframework.boot.web.embedded.tomcat.GracefulShutdown] - Commencing graceful shutdown. Waiting for active requests to complete
[2026-05-28 14:51:30] [INFO] [org.springframework.boot.web.embedded.tomcat.GracefulShutdown] - Graceful shutdown complete
[2026-05-28 14:51:30] [INFO] [org.springframework.orm.jpa.LocalContainerEntityManagerFactoryBean] - Closing JPA EntityManagerFactory for persistence unit 'default'
[2026-05-28 14:51:30] [INFO] [com.zaxxer.hikari.HikariDataSource] - HikariPool-1 - Shutdown initiated...
[2026-05-28 14:51:30] [INFO] [com.zaxxer.hikari.HikariDataSource] - HikariPool-1 - Shutdown completed.
[2026-05-28 14:51:37] [INFO] [org.hibernate.validator.internal.util.Version] - HV000001: Hibernate Validator 8.0.1.Final
[2026-05-28 14:51:37] [INFO] [ra.demo.KiemTraHackathonSpringApiApplication] - Starting KiemTraHackathonSpringApiApplication using Java 21.0.10 with PID 21216 (C:\Users\pc\Downloads\KiemTraHackathon_SpringAPI\build\classes\java\main started by pc in C:\Users\pc\Downloads\KiemTraHackathon_SpringAPI)
[2026-05-28 14:51:37] [DEBUG] [ra.demo.KiemTraHackathonSpringApiApplication] - Running with Spring Boot v3.4.0, Spring v6.2.0
[2026-05-28 14:51:37] [INFO] [ra.demo.KiemTraHackathonSpringApiApplication] - No active profile set, falling back to 1 default profile: "default"
[2026-05-28 14:51:37] [INFO] [org.springframework.boot.devtools.env.DevToolsPropertyDefaultsPostProcessor] - Devtools property defaults active! Set 'spring.devtools.add-properties' to 'false' to disable
[2026-05-28 14:51:37] [INFO] [org.springframework.boot.devtools.env.DevToolsPropertyDefaultsPostProcessor] - For additional web related logging consider setting the 'logging.level.web' property to 'DEBUG'
[2026-05-28 14:51:39] [INFO] [org.springframework.data.repository.config.RepositoryConfigurationDelegate] - Bootstrapping Spring Data JPA repositories in DEFAULT mode.
[2026-05-28 14:51:39] [INFO] [org.springframework.data.repository.config.RepositoryConfigurationDelegate] - Finished Spring Data repository scanning in 85 ms. Found 1 JPA repository interface.
[2026-05-28 14:51:40] [INFO] [org.springframework.boot.web.embedded.tomcat.TomcatWebServer] - Tomcat initialized with port 8080 (http)
[2026-05-28 14:51:40] [INFO] [org.apache.coyote.http11.Http11NioProtocol] - Initializing ProtocolHandler ["http-nio-8080"]
[2026-05-28 14:51:40] [INFO] [org.apache.catalina.core.StandardService] - Starting service [Tomcat]
[2026-05-28 14:51:40] [INFO] [org.apache.catalina.core.StandardEngine] - Starting Servlet engine: [Apache Tomcat/10.1.33]
[2026-05-28 14:51:40] [INFO] [org.apache.catalina.core.ContainerBase.[Tomcat].[localhost].[/]] - Initializing Spring embedded WebApplicationContext
[2026-05-28 14:51:40] [INFO] [org.springframework.boot.web.servlet.context.ServletWebServerApplicationContext] - Root WebApplicationContext: initialization completed in 2537 ms
[2026-05-28 14:51:40] [INFO] [org.hibernate.jpa.internal.util.LogHelper] - HHH000204: Processing PersistenceUnitInfo [name: default]
[2026-05-28 14:51:40] [INFO] [org.hibernate.Version] - HHH000412: Hibernate ORM core version 6.6.2.Final
[2026-05-28 14:51:40] [INFO] [org.hibernate.cache.internal.RegionFactoryInitiator] - HHH000026: Second-level cache disabled
[2026-05-28 14:51:40] [INFO] [org.springframework.orm.jpa.persistenceunit.SpringPersistenceUnitInfo] - No LoadTimeWeaver setup: ignoring JPA class transformer
[2026-05-28 14:51:40] [INFO] [com.zaxxer.hikari.HikariDataSource] - HikariPool-1 - Starting...
[2026-05-28 14:51:41] [INFO] [com.zaxxer.hikari.pool.HikariPool] - HikariPool-1 - Added connection com.mysql.cj.jdbc.ConnectionImpl@24ef787e
[2026-05-28 14:51:41] [INFO] [com.zaxxer.hikari.HikariDataSource] - HikariPool-1 - Start completed.
[2026-05-28 14:51:41] [WARN] [org.hibernate.orm.deprecation] - HHH90000025: MySQLDialect does not need to be specified explicitly using 'hibernate.dialect' (remove the property setting and it will be selected by default)
[2026-05-28 14:51:41] [INFO] [org.hibernate.orm.connections.pooling] - HHH10001005: Database info:
	Database JDBC URL [Connecting through datasource 'HikariDataSource (HikariPool-1)']
	Database driver: undefined/unknown
	Database version: 8.0.45
	Autocommit mode: undefined/unknown
	Isolation level: undefined/unknown
	Minimum pool size: undefined/unknown
	Maximum pool size: undefined/unknown
[2026-05-28 14:51:42] [INFO] [org.hibernate.engine.transaction.jta.platform.internal.JtaPlatformInitiator] - HHH000489: No JTA platform available (set 'hibernate.transaction.jta.platform' to enable JTA platform integration)
[2026-05-28 14:51:42] [INFO] [org.springframework.orm.jpa.LocalContainerEntityManagerFactoryBean] - Initialized JPA EntityManagerFactory for persistence unit 'default'
[2026-05-28 14:51:42] [WARN] [org.springframework.boot.autoconfigure.orm.jpa.JpaBaseConfiguration$JpaWebConfiguration] - spring.jpa.open-in-view is enabled by default. Therefore, database queries may be performed during view rendering. Explicitly configure spring.jpa.open-in-view to disable this warning
[2026-05-28 14:51:43] [INFO] [org.springframework.boot.devtools.autoconfigure.OptionalLiveReloadServer] - LiveReload server is running on port 35729
[2026-05-28 14:51:43] [INFO] [org.apache.coyote.http11.Http11NioProtocol] - Starting ProtocolHandler ["http-nio-8080"]
[2026-05-28 14:51:43] [INFO] [org.springframework.boot.web.embedded.tomcat.TomcatWebServer] - Tomcat started on port 8080 (http) with context path '/'
[2026-05-28 14:51:43] [INFO] [ra.demo.KiemTraHackathonSpringApiApplication] - Started KiemTraHackathonSpringApiApplication in 6.469 seconds (process running for 8.082)
[2026-05-28 14:52:13] [INFO] [org.springframework.boot.web.embedded.tomcat.GracefulShutdown] - Commencing graceful shutdown. Waiting for active requests to complete
[2026-05-28 14:52:13] [INFO] [org.springframework.boot.web.embedded.tomcat.GracefulShutdown] - Graceful shutdown complete
[2026-05-28 14:52:13] [INFO] [org.springframework.orm.jpa.LocalContainerEntityManagerFactoryBean] - Closing JPA EntityManagerFactory for persistence unit 'default'
[2026-05-28 14:52:13] [INFO] [com.zaxxer.hikari.HikariDataSource] - HikariPool-1 - Shutdown initiated...
[2026-05-28 14:52:13] [INFO] [com.zaxxer.hikari.HikariDataSource] - HikariPool-1 - Shutdown completed.
[2026-05-28 14:52:46] [INFO] [org.hibernate.validator.internal.util.Version] - HV000001: Hibernate Validator 8.0.1.Final
[2026-05-28 14:52:47] [INFO] [ra.demo.KiemTraHackathonSpringApiApplicationTests] - Starting KiemTraHackathonSpringApiApplicationTests using Java 21.0.10 with PID 18392 (started by pc in C:\Users\pc\Downloads\KiemTraHackathon_SpringAPI)
[2026-05-28 14:52:47] [DEBUG] [ra.demo.KiemTraHackathonSpringApiApplicationTests] - Running with Spring Boot v3.4.0, Spring v6.2.0
[2026-05-28 14:52:47] [INFO] [ra.demo.KiemTraHackathonSpringApiApplicationTests] - No active profile set, falling back to 1 default profile: "default"
[2026-05-28 14:52:49] [INFO] [org.springframework.data.repository.config.RepositoryConfigurationDelegate] - Bootstrapping Spring Data JPA repositories in DEFAULT mode.
[2026-05-28 14:52:49] [INFO] [org.springframework.data.repository.config.RepositoryConfigurationDelegate] - Finished Spring Data repository scanning in 190 ms. Found 1 JPA repository interface.
[2026-05-28 14:52:50] [INFO] [org.hibernate.jpa.internal.util.LogHelper] - HHH000204: Processing PersistenceUnitInfo [name: default]
[2026-05-28 14:52:50] [INFO] [org.hibernate.Version] - HHH000412: Hibernate ORM core version 6.6.2.Final
[2026-05-28 14:52:51] [INFO] [org.hibernate.cache.internal.RegionFactoryInitiator] - HHH000026: Second-level cache disabled
[2026-05-28 14:52:51] [INFO] [org.springframework.orm.jpa.persistenceunit.SpringPersistenceUnitInfo] - No LoadTimeWeaver setup: ignoring JPA class transformer
[2026-05-28 14:52:51] [INFO] [com.zaxxer.hikari.HikariDataSource] - HikariPool-1 - Starting...
[2026-05-28 14:52:52] [INFO] [com.zaxxer.hikari.pool.HikariPool] - HikariPool-1 - Added connection com.mysql.cj.jdbc.ConnectionImpl@c18ee56
[2026-05-28 14:52:52] [INFO] [com.zaxxer.hikari.HikariDataSource] - HikariPool-1 - Start completed.
[2026-05-28 14:52:52] [WARN] [org.hibernate.orm.deprecation] - HHH90000025: MySQLDialect does not need to be specified explicitly using 'hibernate.dialect' (remove the property setting and it will be selected by default)
[2026-05-28 14:52:53] [INFO] [org.hibernate.orm.connections.pooling] - HHH10001005: Database info:
	Database JDBC URL [Connecting through datasource 'HikariDataSource (HikariPool-1)']
	Database driver: undefined/unknown
	Database version: 8.0.45
	Autocommit mode: undefined/unknown
	Isolation level: undefined/unknown
	Minimum pool size: undefined/unknown
	Maximum pool size: undefined/unknown
[2026-05-28 14:52:55] [INFO] [org.hibernate.engine.transaction.jta.platform.internal.JtaPlatformInitiator] - HHH000489: No JTA platform available (set 'hibernate.transaction.jta.platform' to enable JTA platform integration)
[2026-05-28 14:52:55] [INFO] [org.springframework.orm.jpa.LocalContainerEntityManagerFactoryBean] - Initialized JPA EntityManagerFactory for persistence unit 'default'
[2026-05-28 14:52:57] [WARN] [org.springframework.boot.autoconfigure.orm.jpa.JpaBaseConfiguration$JpaWebConfiguration] - spring.jpa.open-in-view is enabled by default. Therefore, database queries may be performed during view rendering. Explicitly configure spring.jpa.open-in-view to disable this warning
[2026-05-28 14:52:59] [INFO] [ra.demo.KiemTraHackathonSpringApiApplicationTests] - Started KiemTraHackathonSpringApiApplicationTests in 13.338 seconds (process running for 17.705)
[2026-05-28 14:53:00] [INFO] [org.springframework.test.context.support.AnnotationConfigContextLoaderUtils] - Could not detect default configuration classes for test class [ra.demo.controller.BookControllerTest]: BookControllerTest does not declare any static, non-private, non-final, nested classes annotated with @Configuration.
[2026-05-28 14:53:00] [INFO] [org.springframework.boot.test.context.SpringBootTestContextBootstrapper] - Found @SpringBootConfiguration ra.demo.KiemTraHackathonSpringApiApplication for test class ra.demo.controller.BookControllerTest
[2026-05-28 14:53:00] [INFO] [ra.demo.controller.BookControllerTest] - Starting BookControllerTest using Java 21.0.10 with PID 18392 (started by pc in C:\Users\pc\Downloads\KiemTraHackathon_SpringAPI)
[2026-05-28 14:53:00] [DEBUG] [ra.demo.controller.BookControllerTest] - Running with Spring Boot v3.4.0, Spring v6.2.0
[2026-05-28 14:53:00] [INFO] [ra.demo.controller.BookControllerTest] - No active profile set, falling back to 1 default profile: "default"
[2026-05-28 14:53:02] [INFO] [org.springframework.boot.test.mock.web.SpringBootMockServletContext] - Initializing Spring TestDispatcherServlet ''
[2026-05-28 14:53:02] [INFO] [org.springframework.test.web.servlet.TestDispatcherServlet] - Initializing Servlet ''
[2026-05-28 14:53:02] [INFO] [org.springframework.test.web.servlet.TestDispatcherServlet] - Completed initialization in 4 ms
[2026-05-28 14:53:02] [INFO] [ra.demo.controller.BookControllerTest] - Started BookControllerTest in 1.573 seconds (process running for 20.717)
[2026-05-28 14:53:03] [DEBUG] [ra.demo.service.impl.BookServiceImpl] - getBookById request, id=99
[2026-05-28 14:53:03] [ERROR] [ra.demo.service.impl.BookServiceImpl] - getBookById error, id=99 not found
[2026-05-28 14:53:04] [DEBUG] [ra.demo.service.impl.BookServiceImpl] - getBooks request
[2026-05-28 14:53:04] [INFO] [ra.demo.service.impl.BookServiceImpl] - getBooks success, count=2
[2026-05-28 14:53:04] [DEBUG] [ra.demo.service.impl.BookServiceImpl] - getBookById request, id=1
[2026-05-28 14:53:04] [INFO] [org.springframework.orm.jpa.LocalContainerEntityManagerFactoryBean] - Closing JPA EntityManagerFactory for persistence unit 'default'
[2026-05-28 14:53:04] [INFO] [com.zaxxer.hikari.HikariDataSource] - HikariPool-1 - Shutdown initiated...
[2026-05-28 14:53:04] [INFO] [com.zaxxer.hikari.HikariDataSource] - HikariPool-1 - Shutdown completed.
